<?xml version="1.0" encoding="UTF-8"?>
<!-- Generated by org.testng.reporters.JUnitXMLReporter -->
<testsuite ignored="0" hostname="DESKTOP-DA1V3E2" failures="0" tests="4" name="Personal Loan" time="0.087" errors="0" timestamp="2021-12-14T09:18:35 IST">
  <testcase classname="TestNG.day3" name="MobileCarLoginLoan" time="0.006"/>
  <testcase classname="TestNG.day3" name="WebLogin" time="0.002"/>
  <testcase classname="TestNG.Day1" name="Demo" time="0.008"/>
  <testcase classname="TestNG.Day1" name="SeconTest" time="0.005"/>
</testsuite> <!-- Personal Loan -->
