<?xml version="1.0" encoding="UTF-8"?>
<!-- Generated by org.testng.reporters.JUnitXMLReporter -->
<testsuite ignored="0" hostname="DESKTOP-DA1V3E2" failures="0" tests="8" name="Test" time="0.102" errors="0" timestamp="2021-12-14T04:44:34 IST">
  <testcase classname="TestNG.day4" name="LoginAPIcarLoan" time="0.021"/>
  <testcase classname="TestNG.day4" name="MobileCarLoginLoan" time="0.001"/>
  <testcase classname="TestNG.day3" name="LoginAPIcarLoan" time="0.001"/>
  <testcase classname="TestNG.day3" name="MobileCarLoginLoan" time="0.002"/>
  <testcase classname="TestNG.day3" name="WebLogin" time="0.002"/>
  <testcase classname="TestNG.Day2" name="ploan" time="0.003"/>
  <testcase classname="TestNG.Day1" name="Demo" time="0.003"/>
  <testcase classname="TestNG.Day1" name="SeconTest" time="0.003"/>
</testsuite> <!-- Test -->
